<?xml version="1.0" encoding="UTF-8"?>
<testsuite name="agh.ics.oop.Vector2dTest" tests="1" skipped="0" failures="0" errors="0" timestamp="2022-10-19T06:57:35" hostname="LAPTOP-6MSE17EP" time="0.038">
  <properties/>
  <testcase name="testAdd()" classname="agh.ics.oop.Vector2dTest" time="0.038"/>
  <system-out><![CDATA[]]></system-out>
  <system-err><![CDATA[]]></system-err>
</testsuite>
